<?xml version="1.0" encoding="UTF-8"?>
<!-- Generated by org.testng.reporters.JUnitReportReporter -->
<testsuite hostname="DESKTOP-B73A7GD" name="ExcellSheets.NewTest" tests="1" failures="0" timestamp="5 Aug 2019 04:36:42 GMT" time="6.549" errors="0">
  <testcase name="f" time="6.549" classname="ExcellSheets.NewTest"/>
</testsuite> <!-- ExcellSheets.NewTest -->
