<?xml version="1.0" encoding="UTF-8"?>
<!-- Generated by org.testng.reporters.JUnitReportReporter -->
<testsuite hostname="DESKTOP-B73A7GD" name="javaPack1.OpenMultipleAccounts" tests="2" failures="0" timestamp="6 Aug 2019 09:35:28 GMT" time="75.421" errors="0">
  <testcase name="testcase2" time="39.421" classname="javaPack1.OpenMultipleAccounts"/>
  <testcase name="testcase1" time="36.000" classname="javaPack1.OpenMultipleAccounts"/>
</testsuite> <!-- javaPack1.OpenMultipleAccounts -->
